[debug] [2022-06-14T02:32:15.770Z] ----------------------------------------------------------------------
[debug] [2022-06-14T02:32:15.771Z] Command:       /usr/local/bin/node /Users/mitchellalatorre/Library/Mobile Documents/com~apple~CloudDocs/Projects/react-ssr/node_modules/.bin/firebase init hosting
[debug] [2022-06-14T02:32:15.771Z] CLI Version:   3.19.3
[debug] [2022-06-14T02:32:15.771Z] Platform:      darwin
[debug] [2022-06-14T02:32:15.771Z] Node Version:  v16.13.2
[debug] [2022-06-14T02:32:15.773Z] Time:          Mon Jun 13 2022 20:32:15 GMT-0600 (Mountain Daylight Time)
[debug] [2022-06-14T02:32:15.773Z] ----------------------------------------------------------------------
[debug] 
[debug] [2022-06-14T02:32:15.784Z] > command requires scopes: ["email","openid","https://www.googleapis.com/auth/cloudplatformprojects.readonly","https://www.googleapis.com/auth/firebase"]
[debug] [2022-06-14T02:32:15.784Z] > authorizing via signed-in user
[info] 
     🔥🔥🔥🔥🔥🔥🔥🔥 🔥🔥🔥🔥 🔥🔥🔥🔥🔥🔥🔥🔥  🔥🔥🔥🔥🔥🔥🔥🔥 🔥🔥🔥🔥🔥🔥🔥🔥     🔥🔥🔥     🔥🔥🔥🔥🔥🔥  🔥🔥🔥🔥🔥🔥🔥🔥
     🔥🔥        🔥🔥  🔥🔥     🔥🔥 🔥🔥       🔥🔥     🔥🔥  🔥🔥   🔥🔥  🔥🔥       🔥🔥
     🔥🔥🔥🔥🔥🔥    🔥🔥  🔥🔥🔥🔥🔥🔥🔥🔥  🔥🔥🔥🔥🔥🔥   🔥🔥🔥🔥🔥🔥🔥🔥  🔥🔥🔥🔥🔥🔥🔥🔥🔥  🔥🔥🔥🔥🔥🔥  🔥🔥🔥🔥🔥🔥
     🔥🔥        🔥🔥  🔥🔥    🔥🔥  🔥🔥       🔥🔥     🔥🔥 🔥🔥     🔥🔥       🔥🔥 🔥🔥
     🔥🔥       🔥🔥🔥🔥 🔥🔥     🔥🔥 🔥🔥🔥🔥🔥🔥🔥🔥 🔥🔥🔥🔥🔥🔥🔥🔥  🔥🔥     🔥🔥  🔥🔥🔥🔥🔥🔥  🔥🔥🔥🔥🔥🔥🔥🔥

You're about to initialize a Firebase project in this directory:

  /Users/mitchellalatorre/Library/Mobile Documents/com~apple~CloudDocs/Projects/react-ssr

[info] 
=== Project Setup
[info] 
[info] First, let's associate this project directory with a Firebase project.
[info] You can create multiple project aliases by running firebase use --add, 
[info] but for now we'll just set up a default project.
[info] 
[debug] [2022-06-14T02:32:15.790Z] >>> HTTP REQUEST GET https://admin.firebase.com/v1/projects  
  
 Mon Jun 13 2022 20:32:15 GMT-0600 (Mountain Daylight Time)
[debug] [2022-06-14T02:33:30.965Z] Error: connect ETIMEDOUT 104.197.85.31:443
    at TCPConnectWrap.afterConnect [as oncomplete] (node:net:1161:16)
[error] 
[error] Error: Server Error. connect ETIMEDOUT 104.197.85.31:443
[debug] [2022-06-14T02:33:44.150Z] ----------------------------------------------------------------------
[debug] [2022-06-14T02:33:44.152Z] Command:       /usr/local/bin/node /Users/mitchellalatorre/Library/Mobile Documents/com~apple~CloudDocs/Projects/react-ssr/node_modules/.bin/firebase init hosting
[debug] [2022-06-14T02:33:44.152Z] CLI Version:   3.19.3
[debug] [2022-06-14T02:33:44.152Z] Platform:      darwin
[debug] [2022-06-14T02:33:44.152Z] Node Version:  v16.13.2
[debug] [2022-06-14T02:33:44.154Z] Time:          Mon Jun 13 2022 20:33:44 GMT-0600 (Mountain Daylight Time)
[debug] [2022-06-14T02:33:44.154Z] ----------------------------------------------------------------------
[debug] 
[debug] [2022-06-14T02:33:44.168Z] > command requires scopes: ["email","openid","https://www.googleapis.com/auth/cloudplatformprojects.readonly","https://www.googleapis.com/auth/firebase"]
[debug] [2022-06-14T02:33:44.168Z] > authorizing via signed-in user
[info] 
     🔥🔥🔥🔥🔥🔥🔥🔥 🔥🔥🔥🔥 🔥🔥🔥🔥🔥🔥🔥🔥  🔥🔥🔥🔥🔥🔥🔥🔥 🔥🔥🔥🔥🔥🔥🔥🔥     🔥🔥🔥     🔥🔥🔥🔥🔥🔥  🔥🔥🔥🔥🔥🔥🔥🔥
     🔥🔥        🔥🔥  🔥🔥     🔥🔥 🔥🔥       🔥🔥     🔥🔥  🔥🔥   🔥🔥  🔥🔥       🔥🔥
     🔥🔥🔥🔥🔥🔥    🔥🔥  🔥🔥🔥🔥🔥🔥🔥🔥  🔥🔥🔥🔥🔥🔥   🔥🔥🔥🔥🔥🔥🔥🔥  🔥🔥🔥🔥🔥🔥🔥🔥🔥  🔥🔥🔥🔥🔥🔥  🔥🔥🔥🔥🔥🔥
     🔥🔥        🔥🔥  🔥🔥    🔥🔥  🔥🔥       🔥🔥     🔥🔥 🔥🔥     🔥🔥       🔥🔥 🔥🔥
     🔥🔥       🔥🔥🔥🔥 🔥🔥     🔥🔥 🔥🔥🔥🔥🔥🔥🔥🔥 🔥🔥🔥🔥🔥🔥🔥🔥  🔥🔥     🔥🔥  🔥🔥🔥🔥🔥🔥  🔥🔥🔥🔥🔥🔥🔥🔥

You're about to initialize a Firebase project in this directory:

  /Users/mitchellalatorre/Library/Mobile Documents/com~apple~CloudDocs/Projects/react-ssr

[info] 
=== Project Setup
[info] 
[info] First, let's associate this project directory with a Firebase project.
[info] You can create multiple project aliases by running firebase use --add, 
[info] but for now we'll just set up a default project.
[info] 
[debug] [2022-06-14T02:33:44.174Z] >>> HTTP REQUEST GET https://admin.firebase.com/v1/projects  
  
 Mon Jun 13 2022 20:33:44 GMT-0600 (Mountain Daylight Time)
[debug] [2022-06-14T02:35:01.164Z] ----------------------------------------------------------------------
[debug] [2022-06-14T02:35:01.166Z] Command:       /usr/local/bin/node /Users/mitchellalatorre/Library/Mobile Documents/com~apple~CloudDocs/Projects/react-ssr/node_modules/.bin/firebase init hosting
[debug] [2022-06-14T02:35:01.166Z] CLI Version:   3.19.3
[debug] [2022-06-14T02:35:01.166Z] Platform:      darwin
[debug] [2022-06-14T02:35:01.166Z] Node Version:  v16.13.2
[debug] [2022-06-14T02:35:01.167Z] Time:          Mon Jun 13 2022 20:35:01 GMT-0600 (Mountain Daylight Time)
[debug] [2022-06-14T02:35:01.167Z] ----------------------------------------------------------------------
[debug] 
[debug] [2022-06-14T02:35:01.179Z] > command requires scopes: ["email","openid","https://www.googleapis.com/auth/cloudplatformprojects.readonly","https://www.googleapis.com/auth/firebase"]
[debug] [2022-06-14T02:35:01.180Z] > authorizing via signed-in user
[info] 
     🔥🔥🔥🔥🔥🔥🔥🔥 🔥🔥🔥🔥 🔥🔥🔥🔥🔥🔥🔥🔥  🔥🔥🔥🔥🔥🔥🔥🔥 🔥🔥🔥🔥🔥🔥🔥🔥     🔥🔥🔥     🔥🔥🔥🔥🔥🔥  🔥🔥🔥🔥🔥🔥🔥🔥
     🔥🔥        🔥🔥  🔥🔥     🔥🔥 🔥🔥       🔥🔥     🔥🔥  🔥🔥   🔥🔥  🔥🔥       🔥🔥
     🔥🔥🔥🔥🔥🔥    🔥🔥  🔥🔥🔥🔥🔥🔥🔥🔥  🔥🔥🔥🔥🔥🔥   🔥🔥🔥🔥🔥🔥🔥🔥  🔥🔥🔥🔥🔥🔥🔥🔥🔥  🔥🔥🔥🔥🔥🔥  🔥🔥🔥🔥🔥🔥
     🔥🔥        🔥🔥  🔥🔥    🔥🔥  🔥🔥       🔥🔥     🔥🔥 🔥🔥     🔥🔥       🔥🔥 🔥🔥
     🔥🔥       🔥🔥🔥🔥 🔥🔥     🔥🔥 🔥🔥🔥🔥🔥🔥🔥🔥 🔥🔥🔥🔥🔥🔥🔥🔥  🔥🔥     🔥🔥  🔥🔥🔥🔥🔥🔥  🔥🔥🔥🔥🔥🔥🔥🔥

You're about to initialize a Firebase project in this directory:

  /Users/mitchellalatorre/Library/Mobile Documents/com~apple~CloudDocs/Projects/react-ssr

Before we get started, keep in mind:

  * You are initializing in an existing Firebase project directory

[info] 
=== Project Setup
[info] 
[info] First, let's associate this project directory with a Firebase project.
[info] You can create multiple project aliases by running firebase use --add, 
[info] but for now we'll just set up a default project.
[info] 
[debug] [2022-06-14T02:35:01.184Z] >>> HTTP REQUEST GET https://admin.firebase.com/v1/projects  
  
 Mon Jun 13 2022 20:35:01 GMT-0600 (Mountain Daylight Time)
[debug] [2022-06-14T02:35:35.735Z] ----------------------------------------------------------------------
[debug] [2022-06-14T02:35:35.736Z] Command:       /usr/local/bin/node /Users/mitchellalatorre/Library/Mobile Documents/com~apple~CloudDocs/Projects/react-ssr/node_modules/.bin/firebase init hosting
[debug] [2022-06-14T02:35:35.737Z] CLI Version:   3.19.3
[debug] [2022-06-14T02:35:35.737Z] Platform:      darwin
[debug] [2022-06-14T02:35:35.737Z] Node Version:  v16.13.2
[debug] [2022-06-14T02:35:35.738Z] Time:          Mon Jun 13 2022 20:35:35 GMT-0600 (Mountain Daylight Time)
[debug] [2022-06-14T02:35:35.738Z] ----------------------------------------------------------------------
[debug] 
[debug] [2022-06-14T02:35:35.746Z] > command requires scopes: ["email","openid","https://www.googleapis.com/auth/cloudplatformprojects.readonly","https://www.googleapis.com/auth/firebase"]
[debug] [2022-06-14T02:35:35.746Z] > authorizing via signed-in user
[info] 
     🔥🔥🔥🔥🔥🔥🔥🔥 🔥🔥🔥🔥 🔥🔥🔥🔥🔥🔥🔥🔥  🔥🔥🔥🔥🔥🔥🔥🔥 🔥🔥🔥🔥🔥🔥🔥🔥     🔥🔥🔥     🔥🔥🔥🔥🔥🔥  🔥🔥🔥🔥🔥🔥🔥🔥
     🔥🔥        🔥🔥  🔥🔥     🔥🔥 🔥🔥       🔥🔥     🔥🔥  🔥🔥   🔥🔥  🔥🔥       🔥🔥
     🔥🔥🔥🔥🔥🔥    🔥🔥  🔥🔥🔥🔥🔥🔥🔥🔥  🔥🔥🔥🔥🔥🔥   🔥🔥🔥🔥🔥🔥🔥🔥  🔥🔥🔥🔥🔥🔥🔥🔥🔥  🔥🔥🔥🔥🔥🔥  🔥🔥🔥🔥🔥🔥
     🔥🔥        🔥🔥  🔥🔥    🔥🔥  🔥🔥       🔥🔥     🔥🔥 🔥🔥     🔥🔥       🔥🔥 🔥🔥
     🔥🔥       🔥🔥🔥🔥 🔥🔥     🔥🔥 🔥🔥🔥🔥🔥🔥🔥🔥 🔥🔥🔥🔥🔥🔥🔥🔥  🔥🔥     🔥🔥  🔥🔥🔥🔥🔥🔥  🔥🔥🔥🔥🔥🔥🔥🔥

You're about to initialize a Firebase project in this directory:

  /Users/mitchellalatorre/Library/Mobile Documents/com~apple~CloudDocs/Projects/react-ssr

Before we get started, keep in mind:

  * You are initializing in an existing Firebase project directory

[info] 
=== Project Setup
[info] 
[info] First, let's associate this project directory with a Firebase project.
[info] You can create multiple project aliases by running firebase use --add, 
[info] but for now we'll just set up a default project.
[info] 
[debug] [2022-06-14T02:35:35.751Z] >>> HTTP REQUEST GET https://admin.firebase.com/v1/projects  
  
 Mon Jun 13 2022 20:35:35 GMT-0600 (Mountain Daylight Time)
[debug] [2022-06-14T02:36:50.891Z] Error: connect ETIMEDOUT 104.197.85.31:443
    at TCPConnectWrap.afterConnect [as oncomplete] (node:net:1161:16)
[error] 
[error] Error: Server Error. connect ETIMEDOUT 104.197.85.31:443
[debug] [2022-06-14T02:36:57.732Z] ----------------------------------------------------------------------
[debug] [2022-06-14T02:36:57.733Z] Command:       /usr/local/bin/node /Users/mitchellalatorre/Library/Mobile Documents/com~apple~CloudDocs/Projects/react-ssr/node_modules/.bin/firebase init hosting
[debug] [2022-06-14T02:36:57.733Z] CLI Version:   3.19.3
[debug] [2022-06-14T02:36:57.733Z] Platform:      darwin
[debug] [2022-06-14T02:36:57.733Z] Node Version:  v16.13.2
[debug] [2022-06-14T02:36:57.735Z] Time:          Mon Jun 13 2022 20:36:57 GMT-0600 (Mountain Daylight Time)
[debug] [2022-06-14T02:36:57.735Z] ----------------------------------------------------------------------
[debug] 
[debug] [2022-06-14T02:36:57.743Z] > command requires scopes: ["email","openid","https://www.googleapis.com/auth/cloudplatformprojects.readonly","https://www.googleapis.com/auth/firebase"]
[debug] [2022-06-14T02:36:57.743Z] > authorizing via signed-in user
[info] 
     🔥🔥🔥🔥🔥🔥🔥🔥 🔥🔥🔥🔥 🔥🔥🔥🔥🔥🔥🔥🔥  🔥🔥🔥🔥🔥🔥🔥🔥 🔥🔥🔥🔥🔥🔥🔥🔥     🔥🔥🔥     🔥🔥🔥🔥🔥🔥  🔥🔥🔥🔥🔥🔥🔥🔥
     🔥🔥        🔥🔥  🔥🔥     🔥🔥 🔥🔥       🔥🔥     🔥🔥  🔥🔥   🔥🔥  🔥🔥       🔥🔥
     🔥🔥🔥🔥🔥🔥    🔥🔥  🔥🔥🔥🔥🔥🔥🔥🔥  🔥🔥🔥🔥🔥🔥   🔥🔥🔥🔥🔥🔥🔥🔥  🔥🔥🔥🔥🔥🔥🔥🔥🔥  🔥🔥🔥🔥🔥🔥  🔥🔥🔥🔥🔥🔥
     🔥🔥        🔥🔥  🔥🔥    🔥🔥  🔥🔥       🔥🔥     🔥🔥 🔥🔥     🔥🔥       🔥🔥 🔥🔥
     🔥🔥       🔥🔥🔥🔥 🔥🔥     🔥🔥 🔥🔥🔥🔥🔥🔥🔥🔥 🔥🔥🔥🔥🔥🔥🔥🔥  🔥🔥     🔥🔥  🔥🔥🔥🔥🔥🔥  🔥🔥🔥🔥🔥🔥🔥🔥

You're about to initialize a Firebase project in this directory:

  /Users/mitchellalatorre/Library/Mobile Documents/com~apple~CloudDocs/Projects/react-ssr

Before we get started, keep in mind:

  * You are initializing in an existing Firebase project directory

[info] 
=== Project Setup
[info] 
[info] First, let's associate this project directory with a Firebase project.
[info] You can create multiple project aliases by running firebase use --add, 
[info] but for now we'll just set up a default project.
[info] 
[debug] [2022-06-14T02:36:57.751Z] >>> HTTP REQUEST GET https://admin.firebase.com/v1/projects  
  
 Mon Jun 13 2022 20:36:57 GMT-0600 (Mountain Daylight Time)
[debug] [2022-06-14T02:37:53.851Z] ----------------------------------------------------------------------
[debug] [2022-06-14T02:37:53.853Z] Command:       /usr/local/bin/node /Users/mitchellalatorre/Library/Mobile Documents/com~apple~CloudDocs/Projects/react-ssr/node_modules/.bin/firebase use --add
[debug] [2022-06-14T02:37:53.853Z] CLI Version:   3.19.3
[debug] [2022-06-14T02:37:53.853Z] Platform:      darwin
[debug] [2022-06-14T02:37:53.853Z] Node Version:  v16.13.2
[debug] [2022-06-14T02:37:53.854Z] Time:          Mon Jun 13 2022 20:37:53 GMT-0600 (Mountain Daylight Time)
[debug] [2022-06-14T02:37:53.854Z] ----------------------------------------------------------------------
[debug] 
[debug] [2022-06-14T02:37:53.871Z] > command requires scopes: ["email","openid","https://www.googleapis.com/auth/cloudplatformprojects.readonly","https://www.googleapis.com/auth/firebase"]
[debug] [2022-06-14T02:37:53.872Z] > authorizing via signed-in user
[debug] [2022-06-14T02:37:53.875Z] >>> HTTP REQUEST GET https://admin.firebase.com/v1/projects  
  
 Mon Jun 13 2022 20:37:53 GMT-0600 (Mountain Daylight Time)
[debug] [2022-06-14T02:39:09.211Z] Error: connect ETIMEDOUT 104.197.85.31:443
    at TCPConnectWrap.afterConnect [as oncomplete] (node:net:1161:16)
[error] 
[error] Error: Server Error. connect ETIMEDOUT 104.197.85.31:443
[debug] [2022-06-14T02:39:32.152Z] ----------------------------------------------------------------------
[debug] [2022-06-14T02:39:32.154Z] Command:       /usr/local/bin/node /Users/mitchellalatorre/Library/Mobile Documents/com~apple~CloudDocs/Projects/react-ssr/node_modules/.bin/firebase use --add
[debug] [2022-06-14T02:39:32.154Z] CLI Version:   3.19.3
[debug] [2022-06-14T02:39:32.154Z] Platform:      darwin
[debug] [2022-06-14T02:39:32.154Z] Node Version:  v16.13.2
[debug] [2022-06-14T02:39:32.156Z] Time:          Mon Jun 13 2022 20:39:32 GMT-0600 (Mountain Daylight Time)
[debug] [2022-06-14T02:39:32.156Z] ----------------------------------------------------------------------
[debug] 
[debug] [2022-06-14T02:39:32.168Z] > command requires scopes: ["email","openid","https://www.googleapis.com/auth/cloudplatformprojects.readonly","https://www.googleapis.com/auth/firebase"]
[debug] [2022-06-14T02:39:32.169Z] > authorizing via signed-in user
[debug] [2022-06-14T02:39:32.170Z] >>> HTTP REQUEST GET https://admin.firebase.com/v1/projects  
  
 Mon Jun 13 2022 20:39:32 GMT-0600 (Mountain Daylight Time)
[debug] [2022-06-14T02:40:47.328Z] Error: connect ETIMEDOUT 104.197.85.31:443
    at TCPConnectWrap.afterConnect [as oncomplete] (node:net:1161:16)
[error] 
[error] Error: Server Error. connect ETIMEDOUT 104.197.85.31:443
